<?xml version="1.0" encoding="UTF-8"?>
<!-- Generated by org.testng.reporters.JUnitReportReporter -->
<testsuite hostname="Babita_Solunke" failures="0" tests="4" name="api.test.UserTests" time="12.125" errors="0" timestamp="2024-07-11T20:56:40 IST" skipped="0">
  <testcase classname="api.test.UserTests" name="testPostUser" time="5.368"/>
  <system-out/>
  <testcase classname="api.test.UserTests" name="testGetUserByName" time="1.748"/>
  <system-out/>
  <testcase classname="api.test.UserTests" name="testUpdateUserByName" time="3.326"/>
  <system-out/>
  <testcase classname="api.test.UserTests" name="testDeleteUserByName" time="1.683"/>
  <system-out/>
</testsuite> <!-- api.test.UserTests -->
