<?xml version="1.0" encoding="UTF-8"?>
<!-- Generated by org.testng.reporters.JUnitReportReporter -->
<testsuite hostname="Babita_Solunke" failures="0" tests="4" name="api.test.UserTests" time="9.735" errors="0" timestamp="2024-07-11T23:11:52 IST" skipped="0">
  <testcase classname="api.test.UserTests" name="testPostUser" time="4.096"/>
  <system-out/>
  <testcase classname="api.test.UserTests" name="testGetUserByName" time="1.419"/>
  <system-out/>
  <testcase classname="api.test.UserTests" name="testUpdateUserByName" time="2.763"/>
  <system-out/>
  <testcase classname="api.test.UserTests" name="testDeleteUserByName" time="1.457"/>
  <system-out/>
</testsuite> <!-- api.test.UserTests -->
